2026-05-18 18:18:37.3951|||14|Microsoft.Hosting.Lifetime|INFO|Now listening on: https://localhost:5001 
2026-05-18 18:18:37.4256|||14|Microsoft.Hosting.Lifetime|INFO|Now listening on: http://localhost:5000 
2026-05-18 18:18:37.4256||||Microsoft.Hosting.Lifetime|INFO|Application started. Press Ctrl+C to shut down. 
2026-05-18 18:18:37.4256||||Microsoft.Hosting.Lifetime|INFO|Hosting environment: Development 
2026-05-18 18:18:37.4300||||Microsoft.Hosting.Lifetime|INFO|Content root path: D:\HocOrchard\WebCMS 
2026-05-18 18:21:02.8573||||Microsoft.Hosting.Lifetime|INFO|Application is shutting down... 
2026-05-18 18:21:12.6817|||14|Microsoft.Hosting.Lifetime|INFO|Now listening on: https://localhost:5001 
2026-05-18 18:21:12.7041|||14|Microsoft.Hosting.Lifetime|INFO|Now listening on: http://localhost:5000 
2026-05-18 18:21:12.7041||||Microsoft.Hosting.Lifetime|INFO|Application started. Press Ctrl+C to shut down. 
2026-05-18 18:21:12.7041||||Microsoft.Hosting.Lifetime|INFO|Hosting environment: Development 
2026-05-18 18:21:12.7041||||Microsoft.Hosting.Lifetime|INFO|Content root path: D:\HocOrchard\WebCMS 
2026-05-18 18:41:03.4241||||Microsoft.Hosting.Lifetime|INFO|Application is shutting down... 
2026-05-18 18:41:18.6240|||14|Microsoft.Hosting.Lifetime|INFO|Now listening on: https://localhost:5001 
2026-05-18 18:41:18.6464|||14|Microsoft.Hosting.Lifetime|INFO|Now listening on: http://localhost:5000 
2026-05-18 18:41:18.6486||||Microsoft.Hosting.Lifetime|INFO|Application started. Press Ctrl+C to shut down. 
2026-05-18 18:41:18.6486||||Microsoft.Hosting.Lifetime|INFO|Hosting environment: Development 
2026-05-18 18:41:18.6486||||Microsoft.Hosting.Lifetime|INFO|Content root path: D:\HocOrchard\WebCMS 
2026-05-18 19:07:20.3289||||Microsoft.Hosting.Lifetime|INFO|Application is shutting down... 
2026-05-18 19:07:35.6646|||14|Microsoft.Hosting.Lifetime|INFO|Now listening on: https://localhost:5001 
2026-05-18 19:07:35.7074|||14|Microsoft.Hosting.Lifetime|INFO|Now listening on: http://localhost:5000 
2026-05-18 19:07:35.7127||||Microsoft.Hosting.Lifetime|INFO|Application started. Press Ctrl+C to shut down. 
2026-05-18 19:07:35.7127||||Microsoft.Hosting.Lifetime|INFO|Hosting environment: Development 
2026-05-18 19:07:35.7127||||Microsoft.Hosting.Lifetime|INFO|Content root path: D:\HocOrchard\WebCMS 
2026-05-18 19:08:56.8159||||Microsoft.Hosting.Lifetime|INFO|Application is shutting down... 
